build/app/intermediates/aapt_proguard_file/release/aapt_rules.txt
# Referenced at merged_manifests\release\AndroidManifest.xml:44
-keep class androidx.core.app.CoreComponentFactory { <init>(); }
# Referenced at merged_manifests\release\AndroidManifest.xml:204
-keep class androidx.core.content.FileProvider { <init>(); }
# Referenced at merged_manifests\release\AndroidManifest.xml:82
-keep class com.braintreepayments.api.BraintreeBrowserSwitchActivity { <init>(); }
# Referenced at merged_manifests\release\AndroidManifest.xml:434
-keep class com.braintreepayments.api.GooglePaymentActivity { <init>(); }
# Referenced at merged_manifests\release\AndroidManifest.xml:377
-keep class com.braintreepayments.api.ThreeDSecureActivity { <init>(); }
# Referenced at merged_manifests\release\AndroidManifest.xml:368
-keep class com.braintreepayments.api.dropin.AddCardActivity { <init>(); }
# Referenced at merged_manifests\release\AndroidManifest.xml:365
-keep class com.braintreepayments.api.dropin.DropInActivity { <init>(); }
# Referenced at merged_manifests\release\AndroidManifest.xml:371
-keep class com.braintreepayments.api.dropin.VaultManagerActivity { <init>(); }
# Referenced at merged_manifests\release\AndroidManifest.xml:375
-keep class com.braintreepayments.api.internal.AnalyticsIntentService { <init>(); }
# Referenced at merged_manifests\release\AndroidManifest.xml:437
-keep class com.cardinalcommerce.shared.cs.userinterfaces.ChallengeHTMLView { <init>(); }
# Referenced at merged_manifests\release\AndroidManifest.xml:440
-keep class com.cardinalcommerce.shared.cs.userinterfaces.ChallengeNativeView { <init>(); }
# Referenced at merged_manifests\release\AndroidManifest.xml:399
-keep class com.facebook.CampaignTrackingReceiver { <init>(); }
# Referenced at merged_manifests\release\AndroidManifest.xml:392
-keep class com.facebook.CurrentAccessTokenExpirationBroadcastReceiver { <init>(); }
# Referenced at merged_manifests\release\AndroidManifest.xml:108
-keep class com.facebook.CustomTabActivity { <init>(); }
# Referenced at merged_manifests\release\AndroidManifest.xml:337
-keep class com.facebook.CustomTabMainActivity { <init>(); }
# Referenced at merged_manifests\release\AndroidManifest.xml:103
-keep class com.facebook.FacebookActivity { <init>(); }
# Referenced at merged_manifests\release\AndroidManifest.xml:387
-keep class com.facebook.internal.FacebookInitProvider { <init>(); }
# Referenced at merged_manifests\release\AndroidManifest.xml:218
-keep class com.gettipsi.stripe.OpenBrowserActivity { <init>(); }
# Referenced at merged_manifests\release\AndroidManifest.xml:223
-keep class com.gettipsi.stripe.RedirectUriReceiver { <init>(); }
# Referenced at merged_manifests\release\AndroidManifest.xml:408
-keep class com.google.android.datatransport.runtime.backends.TransportBackendDiscovery { <init>(); }
# Referenced at merged_manifests\release\AndroidManifest.xml:421
-keep class com.google.android.datatransport.runtime.scheduling.jobscheduling.AlarmManagerSchedulerBroadcastReceiver { <init>(); }
# Referenced at merged_manifests\release\AndroidManifest.xml:415
-keep class com.google.android.datatransport.runtime.scheduling.jobscheduling.JobInfoSchedulerService { <init>(); }
# Referenced at merged_manifests\release\AndroidManifest.xml:306
-keep class com.google.android.gms.ads.AdActivity { <init>(); }
# Referenced at merged_manifests\release\AndroidManifest.xml:312
-keep class com.google.android.gms.ads.MobileAdsInitProvider { <init>(); }
# Referenced at merged_manifests\release\AndroidManifest.xml:294
-keep class com.google.android.gms.auth.api.signin.RevocationBoundService { <init>(); }
# Referenced at merged_manifests\release\AndroidManifest.xml:285
-keep class com.google.android.gms.auth.api.signin.internal.SignInHubActivity { <init>(); }
# Referenced at merged_manifests\release\AndroidManifest.xml:302
-keep class com.google.android.gms.common.api.GoogleApiActivity { <init>(); }
# Referenced at merged_manifests\release\AndroidManifest.xml:251
-keep class com.google.android.gms.measurement.AppMeasurementInstallReferrerReceiver { <init>(); }
# Referenced at merged_manifests\release\AndroidManifest.xml:265
-keep class com.google.android.gms.measurement.AppMeasurementJobService { <init>(); }
# Referenced at merged_manifests\release\AndroidManifest.xml:246
-keep class com.google.android.gms.measurement.AppMeasurementReceiver { <init>(); }
# Referenced at merged_manifests\release\AndroidManifest.xml:261
-keep class com.google.android.gms.measurement.AppMeasurementService { <init>(); }
# Referenced at merged_manifests\release\AndroidManifest.xml:271
-keep class com.google.firebase.auth.internal.FederatedSignInActivity { <init>(); }
# Referenced at merged_manifests\release\AndroidManifest.xml:126
-keep class com.google.firebase.components.ComponentDiscoveryService { <init>(); }
# Referenced at merged_manifests\release\AndroidManifest.xml:238
-keep class com.google.firebase.iid.FirebaseInstanceIdReceiver { <init>(); }
# Referenced at merged_manifests\release\AndroidManifest.xml:168
-keep class com.google.firebase.messaging.FirebaseMessagingService { <init>(); }
# Referenced at merged_manifests\release\AndroidManifest.xml:279
-keep class com.google.firebase.provider.FirebaseInitProvider { <init>(); }
# Referenced at merged_manifests\release\AndroidManifest.xml:44
-keep class com.panaceasoft.flutterbuyandsell.Application { <init>(); }
# Referenced at merged_manifests\release\AndroidManifest.xml:53
-keep class com.panaceasoft.flutterbuyandsell.MainActivity { <init>(); }
# Referenced at merged_manifests\release\AndroidManifest.xml:190
-keep class com.razorpay.CheckoutActivity { <init>(); }
# Referenced at merged_manifests\release\AndroidManifest.xml:424
-keep class com.razorpay.RzpTokenReceiver { <init>(); }
# Referenced at merged_manifests\release\AndroidManifest.xml:345
-keep class com.sangcomz.fishbun.FishBunFileProvider { <init>(); }
# Referenced at merged_manifests\release\AndroidManifest.xml:355
-keep class com.sangcomz.fishbun.ui.album.AlbumActivity { <init>(); }
# Referenced at merged_manifests\release\AndroidManifest.xml:362
-keep class com.sangcomz.fishbun.ui.detail.DetailActivity { <init>(); }
# Referenced at merged_manifests\release\AndroidManifest.xml:359
-keep class com.sangcomz.fishbun.ui.picker.PickerActivity { <init>(); }
# Referenced at merged_manifests\release\AndroidManifest.xml:338
-keep class com.stripe.android.stripe3ds2.views.ChallengeActivity { <init>(); }
# Referenced at merged_manifests\release\AndroidManifest.xml:341
-keep class com.stripe.android.stripe3ds2.views.ChallengeProgressDialogActivity { <init>(); }
# Referenced at merged_manifests\release\AndroidManifest.xml:322
-keep class com.stripe.android.view.AddPaymentMethodActivity { <init>(); }
# Referenced at merged_manifests\release\AndroidManifest.xml:331
-keep class com.stripe.android.view.PaymentAuthWebViewActivity { <init>(); }
# Referenced at merged_manifests\release\AndroidManifest.xml:328
-keep class com.stripe.android.view.PaymentFlowActivity { <init>(); }
# Referenced at merged_manifests\release\AndroidManifest.xml:325
-keep class com.stripe.android.view.PaymentMethodsActivity { <init>(); }
# Referenced at merged_manifests\release\AndroidManifest.xml:334
-keep class com.stripe.android.view.PaymentRelayActivity { <init>(); }
# Referenced at merged_manifests\release\AndroidManifest.xml:176
-keep class de.esys.esysfluttershare.EsysFlutterShareFileProvider { <init>(); }
# Referenced at merged_manifests\release\AndroidManifest.xml:430
-keep class io.card.payment.CardIOActivity { <init>(); }
# Referenced at merged_manifests\release\AndroidManifest.xml:433
-keep class io.card.payment.DataEntryActivity { <init>(); }
# Referenced at merged_manifests\release\AndroidManifest.xml:121
-keep class io.flutter.plugins.firebasemessaging.FlutterFirebaseMessagingService { <init>(); }
# Referenced at merged_manifests\release\AndroidManifest.xml:186
-keep class io.flutter.plugins.urllauncher.WebViewActivity { <init>(); }
# Referenced at res\layout\abc_alert_dialog_button_bar_material.xml:43
# Referenced at res\layout\abc_alert_dialog_material.xml:52
# Referenced at res\layout\abc_alert_dialog_title_material.xml:57
-keep class android.widget.Space { <init>(...); }

# Referenced at res\layout\abc_select_dialog_material.xml:23
-keep class androidx.appcompat.app.AlertController$RecycleListView { <init>(...); }

# Referenced at res\layout\abc_action_menu_item_layout.xml:17
-keep class androidx.appcompat.view.menu.ActionMenuItemView { <init>(...); }

# Referenced at res\layout\abc_expanded_menu_layout.xml:17
-keep class androidx.appcompat.view.menu.ExpandedMenuView { <init>(...); }

# Referenced at res\layout\abc_cascading_menu_item_layout.xml:20
# Referenced at res\layout\abc_list_menu_item_layout.xml:17
# Referenced at res\layout\abc_popup_menu_item_layout.xml:17
-keep class androidx.appcompat.view.menu.ListMenuItemView { <init>(...); }

# Referenced at res\layout\abc_screen_toolbar.xml:27
-keep class androidx.appcompat.widget.ActionBarContainer { <init>(...); }

# Referenced at res\layout\abc_action_mode_bar.xml:19
# Referenced at res\layout\abc_screen_toolbar.xml:43
-keep class androidx.appcompat.widget.ActionBarContextView { <init>(...); }

# Referenced at res\layout\abc_screen_toolbar.xml:17
-keep class androidx.appcompat.widget.ActionBarOverlayLayout { <init>(...); }

# Referenced at res\layout\abc_action_menu_layout.xml:17
-keep class androidx.appcompat.widget.ActionMenuView { <init>(...); }

# Referenced at res\layout\abc_activity_chooser_view.xml:19
-keep class androidx.appcompat.widget.ActivityChooserView$InnerLayout { <init>(...); }

# Referenced at res\layout\abc_alert_dialog_material.xml:18
-keep class androidx.appcompat.widget.AlertDialogLayout { <init>(...); }

# Referenced at res\layout\activity_detail_actiivy.xml:22
-keep class androidx.appcompat.widget.AppCompatImageButton { <init>(...); }

# Referenced at res\layout\add_payment_method_card_row.xml:16
# Referenced at res\layout\add_payment_method_fpx_row.xml:16
# Referenced at res\layout\com_facebook_device_auth_dialog_fragment.xml:45
# Referenced at res\layout\com_facebook_smart_device_dialog_fragment.xml:47
# Referenced at res\layout\fpx_bank.xml:10
# Referenced at res\layout\masked_card_view.xml:4
# Referenced at res\layout\shipping_method_view.xml:43
-keep class androidx.appcompat.widget.AppCompatImageView { <init>(...); }

# Referenced at res\layout\challenge_zone_view.xml:68
-keep class androidx.appcompat.widget.AppCompatRadioButton { <init>(...); }

# Referenced at res\layout\add_payment_method_card_row.xml:26
# Referenced at res\layout\add_payment_method_fpx_row.xml:26
# Referenced at res\layout\fpx_bank.xml:17
# Referenced at res\layout\masked_card_view.xml:12
-keep class androidx.appcompat.widget.AppCompatTextView { <init>(...); }

# Referenced at res\layout\abc_alert_dialog_button_bar_material.xml:26
-keep class androidx.appcompat.widget.ButtonBarLayout { <init>(...); }

# Referenced at res\layout\abc_screen_content_include.xml:19
-keep class androidx.appcompat.widget.ContentFrameLayout { <init>(...); }

# Referenced at res\layout\abc_alert_dialog_title_material.xml:45
-keep class androidx.appcompat.widget.DialogTitle { <init>(...); }

# Referenced at res\layout\abc_screen_simple_overlay_action_mode.xml:23
-keep class androidx.appcompat.widget.FitWindowsFrameLayout { <init>(...); }

# Referenced at res\layout\abc_dialog_title_material.xml:22
# Referenced at res\layout\abc_screen_simple.xml:17
-keep class androidx.appcompat.widget.FitWindowsLinearLayout { <init>(...); }

# Referenced at res\layout\abc_search_view.xml:75
-keep class androidx.appcompat.widget.SearchView$SearchAutoComplete { <init>(...); }

# Referenced at res\layout\abc_screen_toolbar.xml:36
# Referenced at res\layout\activity_payment_methods.xml:9
# Referenced at res\layout\activity_photo_album.xml:20
# Referenced at res\layout\activity_photo_picker.xml:19
# Referenced at res\layout\bt_add_card_activity.xml:8
# Referenced at res\layout\challenge_toolbar_cf.xml:7
# Referenced at res\layout\payment_auth_web_view_layout.xml:7
-keep class androidx.appcompat.widget.Toolbar { <init>(...); }

# Referenced at res\layout\abc_screen_simple.xml:25
# Referenced at res\layout\abc_screen_simple_overlay_action_mode.xml:32
-keep class androidx.appcompat.widget.ViewStubCompat { <init>(...); }

# Referenced at res\layout\browser_actions_context_menu_page.xml:5
-keep class androidx.browser.browseractions.BrowserActionsFallbackMenuView { <init>(...); }

# Referenced at res\layout\bt_vaulted_payment_method_card.xml:2
# Referenced at res\layout\com_facebook_device_auth_dialog_fragment.xml:22
# Referenced at res\layout\com_facebook_smart_device_dialog_fragment.xml:22
-keep class androidx.cardview.widget.CardView { <init>(...); }

# Referenced at res\layout\activity_detail_actiivy.xml:2
# Referenced at res\layout\detail_item.xml:2
-keep class androidx.constraintlayout.widget.ConstraintLayout { <init>(...); }

# Referenced at res\layout\activity_photo_album.xml:2
# Referenced at res\layout\activity_photo_picker.xml:2
# Referenced at res\layout\design_bottom_sheet_dialog.xml:26
-keep class androidx.coordinatorlayout.widget.CoordinatorLayout { <init>(...); }

# Referenced at release\layout\activity_stripe.xml:25
-keep class androidx.core.widget.ContentLoadingProgressBar { <init>(...); }

# Referenced at res\layout\abc_alert_dialog_material.xml:41
-keep class androidx.core.widget.NestedScrollView { <init>(...); }

# Referenced at res\layout\activity_payment_methods.xml:29
# Referenced at res\layout\activity_photo_album.xml:9
# Referenced at res\layout\activity_photo_picker.xml:8
# Referenced at res\layout\add_payment_method_fpx_layout.xml:7
# Referenced at res\layout\bt_drop_in_activity.xml:90
# Referenced at res\layout\bt_vault_management_activity.xml:42
# Referenced at res\layout\select_shipping_method_widget.xml:7
-keep class androidx.recyclerview.widget.RecyclerView { <init>(...); }

# Referenced at res\layout\activity_detail_actiivy.xml:10
# Referenced at res\layout\activity_shipping_flow.xml:7
-keep class androidx.viewpager.widget.ViewPager { <init>(...); }

# Referenced at res\layout\bt_add_card_activity.xml:43
-keep class com.braintreepayments.api.dropin.view.AddCardView { <init>(...); }

# Referenced at res\layout\bt_add_card.xml:21
# Referenced at res\layout\bt_edit_card.xml:10
# Referenced at res\layout\bt_enrollment_card.xml:42
-keep class com.braintreepayments.api.dropin.view.AnimatedButtonView { <init>(...); }

# Referenced at res\layout\bt_add_card_activity.xml:50
-keep class com.braintreepayments.api.dropin.view.EditCardView { <init>(...); }

# Referenced at res\layout\bt_add_card_activity.xml:57
-keep class com.braintreepayments.api.dropin.view.EnrollmentCardView { <init>(...); }

# Referenced at res\layout\bt_card_form_fields.xml:48
-keep class com.braintreepayments.cardform.view.CardEditText { <init>(...); }

# Referenced at res\layout\bt_add_card.xml:6
# Referenced at res\layout\bt_edit_card.xml:5
-keep class com.braintreepayments.cardform.view.CardForm { <init>(...); }

# Referenced at res\layout\bt_card_form_fields.xml:23
-keep class com.braintreepayments.cardform.view.CardholderNameEditText { <init>(...); }

# Referenced at res\layout\bt_card_form_fields.xml:140
-keep class com.braintreepayments.cardform.view.CountryCodeEditText { <init>(...); }

# Referenced at res\layout\bt_card_form_fields.xml:86
-keep class com.braintreepayments.cardform.view.CvvEditText { <init>(...); }

# Referenced at res\layout\bt_enrollment_card.xml:22
-keep class com.braintreepayments.cardform.view.ErrorEditText { <init>(...); }

# Referenced at res\layout\bt_card_form_fields.xml:73
-keep class com.braintreepayments.cardform.view.ExpirationDateEditText { <init>(...); }

# Referenced at res\layout\bt_card_form_fields.xml:180
-keep class com.braintreepayments.cardform.view.InitialValueCheckBox { <init>(...); }

# Referenced at res\layout\bt_card_form_fields.xml:153
-keep class com.braintreepayments.cardform.view.MobileNumberEditText { <init>(...); }

# Referenced at res\layout\bt_card_form_fields.xml:112
-keep class com.braintreepayments.cardform.view.PostalCodeEditText { <init>(...); }

# Referenced at res\layout\bt_add_card.xml:11
-keep class com.braintreepayments.cardform.view.SupportedCardTypesView { <init>(...); }

# Referenced at res\layout\activity_photo_album.xml:15
# Referenced at res\layout\activity_photo_picker.xml:14
-keep class com.google.android.material.appbar.AppBarLayout { <init>(...); }

# Referenced at res\layout\design_bottom_navigation_item.xml:27
-keep class com.google.android.material.internal.BaselineLayout { <init>(...); }

# Referenced at res\layout\design_text_input_password_icon.xml:18
-keep class com.google.android.material.internal.CheckableImageButton { <init>(...); }

# Referenced at res\layout\design_navigation_item.xml:17
-keep class com.google.android.material.internal.NavigationMenuItemView { <init>(...); }

# Referenced at res\layout\design_navigation_menu.xml:17
-keep class com.google.android.material.internal.NavigationMenuView { <init>(...); }

# Referenced at res\layout\design_layout_snackbar.xml:18
# Referenced at res\layout\mtrl_layout_snackbar.xml:18
-keep class com.google.android.material.snackbar.Snackbar$SnackbarLayout { <init>(...); }

# Referenced at res\layout\design_layout_snackbar_include.xml:18
# Referenced at res\layout\mtrl_layout_snackbar_include.xml:18
-keep class com.google.android.material.snackbar.SnackbarContentLayout { <init>(...); }

# Referenced at res\layout\challenge_zone_text_view.xml:10
-keep class com.google.android.material.textfield.TextInputEditText { <init>(...); }

# Referenced at res\layout\add_address_widget.xml:12
# Referenced at res\layout\bt_card_form_fields.xml:15
# Referenced at res\layout\bt_enrollment_card.xml:14
# Referenced at res\layout\card_multiline_widget.xml:38
# Referenced at res\layout\challenge_zone_text_view.xml:3
# Referenced at res\layout\country_autocomplete_textview.xml:7
-keep class com.google.android.material.textfield.TextInputLayout { <init>(...); }

# Referenced at res\layout\rzp_loader.xml:20
-keep class com.razorpay.CircularProgressView { <init>(...); }

# Referenced at res\layout\activity_detail_actiivy.xml:33
# Referenced at res\layout\thumb_item.xml:24
-keep class com.sangcomz.fishbun.util.RadioWithTextButton { <init>(...); }

# Referenced at res\layout\thumb_item.xml:2
-keep class com.sangcomz.fishbun.util.SquareFrameLayout { <init>(...); }

# Referenced at res\layout\album_item.xml:9
-keep class com.sangcomz.fishbun.util.SquareImageView { <init>(...); }

# Referenced at res\layout\detail_item.xml:8
-keep class com.sangcomz.fishbun.util.TouchImageView { <init>(...); }

# Referenced at res\layout\challenge_activity.xml:11
-keep class com.stripe.android.stripe3ds2.views.BrandZoneView { <init>(...); }

# Referenced at res\layout\challenge_activity.xml:20
-keep class com.stripe.android.stripe3ds2.views.ChallengeZoneView { <init>(...); }

# Referenced at res\layout\challenge_activity.xml:29
-keep class com.stripe.android.stripe3ds2.views.InformationZoneView { <init>(...); }

# Referenced at res\layout\challenge_zone_view.xml:32
-keep class com.stripe.android.stripe3ds2.views.ThreeDS2Button { <init>(...); }

# Referenced at res\layout\challenge_zone_view.xml:9
-keep class com.stripe.android.stripe3ds2.views.ThreeDS2HeaderTextView { <init>(...); }

# Referenced at res\layout\challenge_zone_multi_select_view.xml:8
# Referenced at res\layout\challenge_zone_single_select_view.xml:8
# Referenced at res\layout\challenge_zone_view.xml:17
# Referenced at res\layout\information_zone_view.xml:16
-keep class com.stripe.android.stripe3ds2.views.ThreeDS2TextView { <init>(...); }

# Referenced at res\layout\challenge_zone_web_view.xml:6
-keep class com.stripe.android.stripe3ds2.views.ThreeDS2WebView { <init>(...); }

# Referenced at release\layout\activity_stripe.xml:14
# Referenced at res\layout\add_payment_method_card_layout.xml:3