build/app/outputs/mapping/release/seeds.txt
com.panaceasoft.flutterbuyandsell.MainActivity: MainActivity()
com.panaceasoft.flutterbuyandsell.Application
com.panaceasoft.flutterbuyandsell.MainActivity
com.panaceasoft.flutterbuyandsell.Application: Application()
...
org.bouncycastle.jcajce.provider.asymmetric.dh.KeyFactorySpi: java.security.spec.KeySpec engineGetKeySpec(java.security.Key,java.lang.Class)
com.braintreepayments.cardform.R$dimen: int notification_large_icon_width
org.bouncycastle.jcajce.provider.asymmetric.ecgost.SignatureSpi: void engineInitSign(java.security.PrivateKey)
com.facebook.common.R$style: int TextAppearance_Compat_Notification_Media
com.google.android.material.R$style: int RtlOverlay_Widget_AppCompat_ActionBar_TitleItem
androidx.appcompat.widget.Toolbar$SavedState: android.os.Parcelable$Creator CREATOR
com.braintreepayments.api.dropin.R$id: int selectionDetails
org.bouncycastle.jcajce.provider.asymmetric.rsa.BCRSAPrivateCrtKey: java.math.BigInteger primeP
com.stripe.android.stripe3ds2.R$id: int bzv_payment_system_image
com.stripe.android.R$drawable: int notification_bg_normal_pressed
com.stripe.android.R$id: int tabMode
com.razorpay.razorpay_flutter.R$style: int TextAppearance_AppCompat_Inverse
com.braintreepayments.api.dropin.R$id: int search_src_text
org.bouncycastle.jcajce.provider.asymmetric.ec.IESCipher: java.security.AlgorithmParameters engineGetParameters()
org.bouncycastle.jcajce.provider.asymmetric.dsa.BCDSAPrivateKey: java.lang.String toString()
com.google.android.material.R$styleable: int TextInputLayout_android_textColorHint
androidx.lifecycle.Lifecycle$Event: androidx.lifecycle.Lifecycle$Event ON_DESTROY
com.braintreepayments.cardform.R$style: int TextAppearance_MaterialComponents_Overline
com.razorpay.razorpay_flutter.R$drawable: int rzp_green_button
com.sangcomz.fishbun.R$layout: int abc_list_menu_item_icon
com.stripe.android.stripe3ds2.R$style: int Base_Widget_AppCompat_ListView_DropDown
com.razorpay.r$_Y_: java.lang.String r$_Y_
com.cardinalcommerce.shared.cs.a.a: com.cardinalcommerce.shared.cs.a.a valueOf(java.lang.String)
org.bouncycastle.jce.provider.X509CertificateObject: int getVersion()
org.bouncycastle.jcajce.provider.asymmetric.ecgost.BCECGOST3410PrivateKey: java.math.BigInteger getD()
androidx.appcompat.widget.AlertDialogLayout: AlertDialogLayout(android.content.Context)
androidx.appcompat.widget.AppCompatRadioButton: AppCompatRadioButton(android.content.Context,android.util.AttributeSet)
com.razorpay.BaseUtils: java.lang.Object getSystemService(android.content.Context,java.lang.String)
org.bouncycastle.jce.provider.DHUtil
androidx.appcompat.R$color: int material_deep_teal_200
de.jonasbark.stripepayment.R$id: int transition_position
com.stripe.android.stripe3ds2.R$style: int Widget_MaterialComponents_Button
com.stripe.android.R$layout: int design_navigation_item_separator
com.stripe.android.R$styleable: int TextInputLayout_boxCornerRadiusTopEnd
de.jonasbark.stripepayment.R$layout: int notification_template_part_chronometer
androidx.appcompat.R$dimen: int abc_action_button_min_width_material
androidx.appcompat.R$styleable: int DrawerArrowToggle_gapBetweenBars
com.google.android.material.R$styleable: int MaterialButton_iconSize
org.bouncycastle.jcajce.provider.asymmetric.ec.SignatureSpi$ecCVCDSA
com.braintreepayments.cardform.R$style: int Widget_AppCompat_DropDownItem_Spinner
org.bouncycastle.jcajce.provider.asymmetric.dsa.BCDSAPublicKey: java.math.BigInteger ZERO
org.bouncycastle.jcajce.provider.symmetric.GOST28147$AlgParamGen: java.security.AlgorithmParameters engineGenerateParameters()
com.stripe.android.stripe3ds2.R$id: int add
com.braintreepayments.cardform.R$id: int bt_card_form_postal_code
com.facebook.common.R$id: int add
com.cardinalcommerce.cardinalmobilesdk.R$color: int ripple_material_light
de.jonasbark.stripepayment.R$style: int Base_TextAppearance_AppCompat_Widget_ActionBar_Menu
com.razorpay.O_$B_: java.lang.Object R$$r_(java.lang.String)
com.facebook.common.R$layout: int notification_template_big_media_narrow_custom
com.google.android.material.R$styleable: int DrawerArrowToggle_arrowHeadLength
com.braintreepayments.cardform.R$style: int ThemeOverlay_AppCompat_Light