build/app/outputs/mapping/release/usage.txt
com.panaceasoft.flutterbuyandsell.R$xml
com.panaceasoft.flutterbuyandsell.R$style
com.panaceasoft.flutterbuyandsell.R$anim
com.panaceasoft.flutterbuyandsell.R
com.panaceasoft.flutterbuyandsell.R$layout
com.panaceasoft.flutterbuyandsell.R$styleable
com.panaceasoft.flutterbuyandsell.R$interpolator
com.panaceasoft.flutterbuyandsell.R$string
com.panaceasoft.flutterbuyandsell.R$attr
com.panaceasoft.flutterbuyandsell.R$drawable
com.panaceasoft.flutterbuyandsell.R$dimen
com.panaceasoft.flutterbuyandsell.R$color
com.panaceasoft.flutterbuyandsell.R$mipmap
com.panaceasoft.flutterbuyandsell.R$bool
com.panaceasoft.flutterbuyandsell.R$raw
com.panaceasoft.flutterbuyandsell.R$id
com.panaceasoft.flutterbuyandsell.R$animator
com.panaceasoft.flutterbuyandsell.R$integer
com.panaceasoft.flutterbuyandsell.BuildConfig
com.panaceasoft.flutterbuyandsell.R$menu
...
com.google.common.io.CharSink
org.bouncycastle.asn1.ocsp.OCSPResponseStatus
org.bouncycastle.pqc.math.linearalgebra.GF2nONBField
com.google.common.collect.AbstractTable$CellSet
com.bumptech.glide.gifdecoder.BuildConfig
androidx.legacy.coreutils.R$dimen
org.bouncycastle.pqc.crypto.mceliece.McElieceKeyPairGenerator
com.google.common.collect.FilteredEntryMultimap$ValuePredicate
kotlin.time.DurationUnitKt$WhenMappings
androidx.print.PrintHelper$OnPrintFinishCallback
androidx.core.text.BidiFormatter
androidx.core.view.inputmethod.InputConnectionCompat$1
androidx.loader.content.AsyncTaskLoader:
    public void setUpdateThrottle(long)
    public boolean isLoadInBackgroundCanceled()
    public void waitForLoader()
    static final java.lang.String TAG
    static final boolean DEBUG
org.bouncycastle.crypto.util.PublicKeyFactory$ECConverter
com.bumptech.glide.load.model.LazyHeaders$Builder:
    private java.util.List getFactories(java.lang.String)
    private void copyIfNecessary()
    private java.util.Map copyHeaders()
    public com.bumptech.glide.load.model.LazyHeaders$Builder addHeader(java.lang.String,java.lang.String)
    public com.bumptech.glide.load.model.LazyHeaders$Builder addHeader(java.lang.String,com.bumptech.glide.load.model.LazyHeaderFactory)
    public com.bumptech.glide.load.model.LazyHeaders$Builder setHeader(java.lang.String,java.lang.String)
    public com.bumptech.glide.load.model.LazyHeaders$Builder setHeader(java.lang.String,com.bumptech.glide.load.model.LazyHeaderFactory)
    private static final java.lang.String USER_AGENT_HEADER
com.bumptech.glide.load.resource.gif.GifFrameLoader$FrameLoaderCallback:
    static final int MSG_DELAY
    static final int MSG_CLEAR
org.bouncycastle.asn1.crmf.DhSigStatic
org.bouncycastle.math.ec.custom.sec.SecT193R1Curve:
    public int getM()
    public boolean isTrinomial()
    public int getK1()
    public int getK2()
    public int getK3()
    private static final int SecT193R1_DEFAULT_COORDS
bolts.MeasurementEvent
de.jonasbark.stripepayment.R$drawable
org.bouncycastle.asn1.cmp.RevReqContent
com.google.zxing.oned.rss.RSSUtils
android.support.v4.media.session.MediaSessionCompat$3
org.bouncycastle.jcajce.spec.SM2ParameterSpec:
    public void <init>(byte[])
com.google.android.material.floatingactionbutton.FloatingActionButtonImplLollipop:
    void setBackgroundDrawable(android.content.res.ColorStateList,android.graphics.PorterDuff$Mode,android.content.res.ColorStateList,int)
    com.google.android.material.internal.CircularBorderDrawable newCircularDrawable()
    android.graphics.drawable.GradientDrawable newGradientDrawableForShape()
com.google.common.collect.TreeRangeMap$1
org.bouncycastle.asn1.isismtt.x509.ProcurationSyntax
com.google.common.collect.Multisets$EntrySet